<?xml version="1.0" encoding="UTF-8"?>
<!-- Generated by org.testng.reporters.JUnitReportReporter -->
<testsuite skipped="0" hostname="4S0L3M2" name="SeleniumAPI.DemoJQuery" tests="1" failures="0" timestamp="03 Sep 2019 14:44:33 GMT" time="21.179" errors="0">
  <testcase name="Login" time="21.179" classname="SeleniumAPI.DemoJQuery"/>
</testsuite> <!-- SeleniumAPI.DemoJQuery -->
