<?xml version="1.0" encoding="UTF-8"?>
<!-- Generated by org.testng.reporters.JUnitReportReporter -->
<testsuite skipped="0" hostname="4S0L3M2" name="SeleniumAPI.ExtendReport" tests="2" failures="0" timestamp="10 Sep 2019 13:50:54 GMT" time="0.020" errors="0">
  <testcase name="TC_01" time="0.012" classname="SeleniumAPI.ExtendReport"/>
  <testcase name="TC_02" time="0.008" classname="SeleniumAPI.ExtendReport"/>
</testsuite> <!-- SeleniumAPI.ExtendReport -->
