<?xml version="1.0" encoding="UTF-8"?>
<!-- Generated by org.testng.reporters.JUnitReportReporter -->
<testsuite skipped="0" hostname="4S0L3M2" name="SeleniumAPI.Session03_Exercise01" tests="1" failures="0" timestamp="06 Aug 2019 13:42:50 GMT" time="1.853" errors="0">
  <testcase name="Exercise01" time="1.853" classname="SeleniumAPI.Session03_Exercise01"/>
</testsuite> <!-- SeleniumAPI.Session03_Exercise01 -->
