<?xml version="1.0" encoding="UTF-8"?>
<!-- Generated by org.testng.reporters.JUnitReportReporter -->
<testsuite skipped="0" hostname="4S0L3M2" name="SeleniumAPI.dataProvider" tests="3" failures="0" timestamp="04 Aug 2019 11:19:44 GMT" time="18.677" errors="0">
  <testcase name="TC03_Unsuccess" time="3.881" classname="SeleniumAPI.dataProvider"/>
  <testcase name="TC01_Success" time="7.060" classname="SeleniumAPI.dataProvider"/>
  <testcase name="TC01_Success" time="7.736" classname="SeleniumAPI.dataProvider"/>
</testsuite> <!-- SeleniumAPI.dataProvider -->
